<?xml version="1.0" encoding="UTF-8"?>
<!-- Generated by org.testng.reporters.JUnitXMLReporter -->
<testsuite ignored="0" hostname="LAPTOP-2DO14JOO" failures="0" tests="3" name="Default test" time="83.919" errors="0" timestamp="2022-11-08T22:39:18 IST">
  <testcase classname="hotelTests.TestHotel" name="testSearch" time="30.588"/>
  <testcase classname="hotelTests.TestHotel" name="testSearch" time="25.236"/>
  <testcase classname="hotelTests.TestHotel" name="testSearch" time="26.397"/>
</testsuite> <!-- Default test -->
