<?xml version="1.0" encoding="UTF-8"?>
<testng-results ignored="0" total="3" passed="3" failed="0" skipped="0">
  <reporter-output>
  </reporter-output>
  <suite started-at="2022-11-08T22:37:54 IST" name="Default suite" finished-at="2022-11-08T22:39:18 IST" duration-ms="83919">
    <groups>
    </groups>
    <test started-at="2022-11-08T22:37:54 IST" name="Default test" finished-at="2022-11-08T22:39:18 IST" duration-ms="83919">
      <class name="hotelTests.TestHotel">
        <test-method is-config="true" signature="beforeClass()[pri:0, instance:hotelTests.TestHotel@6239aba6]" started-at="2022-11-08T22:37:54 IST" name="beforeClass" finished-at="2022-11-08T22:37:56 IST" duration-ms="1397" status="PASS">
          <reporter-output>
          </reporter-output>
        </test-method> <!-- beforeClass -->
        <test-method signature="testSearch(java.lang.String,java.lang.String,java.lang.String)[pri:0, instance:hotelTests.TestHotel@6239aba6]" started-at="2022-11-08T22:37:56 IST" name="testSearch" data-provider="Data" finished-at="2022-11-08T22:38:26 IST" duration-ms="30588" status="PASS">
          <params>
            <param index="0">
              <value>
                <![CDATA[istanbul]]>
              </value>
            </param>
            <param index="1">
              <value>
                <![CDATA[2022-11-20]]>
              </value>
            </param>
            <param index="2">
              <value>
                <![CDATA[2022-11-21]]>
              </value>
            </param>
          </params>
          <reporter-output>
          </reporter-output>
        </test-method> <!-- testSearch -->
        <test-method signature="testSearch(java.lang.String,java.lang.String,java.lang.String)[pri:0, instance:hotelTests.TestHotel@6239aba6]" started-at="2022-11-08T22:38:26 IST" name="testSearch" data-provider="Data" finished-at="2022-11-08T22:38:52 IST" duration-ms="25236" status="PASS">
          <params>
            <param index="0">
              <value>
                <![CDATA[amman]]>
              </value>
            </param>
            <param index="1">
              <value>
                <![CDATA[2022-12-08]]>
              </value>
            </param>
            <param index="2">
              <value>
                <![CDATA[2022-12-09]]>
              </value>
            </param>
          </params>
          <reporter-output>
          </reporter-output>
        </test-method> <!-- testSearch -->
        <test-method signature="testSearch(java.lang.String,java.lang.String,java.lang.String)[pri:0, instance:hotelTests.TestHotel@6239aba6]" started-at="2022-11-08T22:38:52 IST" name="testSearch" data-provider="Data" finished-at="2022-11-08T22:39:18 IST" duration-ms="26397" status="PASS">
          <params>
            <param index="0">
              <value>
                <![CDATA[jerusalem]]>
              </value>
            </param>
            <param index="1">
              <value>
                <![CDATA[2022-12-18]]>
              </value>
            </param>
            <param index="2">
              <value>
                <![CDATA[2022-12-19]]>
              </value>
            </param>
          </params>
          <reporter-output>
          </reporter-output>
        </test-method> <!-- testSearch -->
        <test-method is-config="true" signature="afterClass()[pri:0, instance:hotelTests.TestHotel@6239aba6]" started-at="2022-11-08T22:39:18 IST" name="afterClass" finished-at="2022-11-08T22:39:18 IST" duration-ms="189" status="PASS">
          <reporter-output>
          </reporter-output>
        </test-method> <!-- afterClass -->
      </class> <!-- hotelTests.TestHotel -->
    </test> <!-- Default test -->
  </suite> <!-- Default suite -->
</testng-results>
