<?xml version="1.0" encoding="UTF-8"?>
<testng-results ignored="0" total="2" passed="2" failed="0" skipped="0">
  <reporter-output>
  </reporter-output>
  <suite started-at="2022-11-10T00:27:18 IST" name="Default suite" finished-at="2022-11-10T00:28:12 IST" duration-ms="54176">
    <groups>
    </groups>
    <test started-at="2022-11-10T00:27:18 IST" name="Default test" finished-at="2022-11-10T00:28:12 IST" duration-ms="54176">
      <class name="serviceTest.testService">
        <test-method is-config="true" signature="beforeClass()[pri:0, instance:serviceTest.testService@3403e2ac]" started-at="2022-11-10T00:27:18 IST" name="beforeClass" finished-at="2022-11-10T00:27:18 IST" duration-ms="20" status="PASS">
          <reporter-output>
          </reporter-output>
        </test-method> <!-- beforeClass -->
        <test-method signature="testSearch(java.lang.String,java.lang.String)[pri:0, instance:serviceTest.testService@3403e2ac]" started-at="2022-11-10T00:27:18 IST" name="testSearch" data-provider="Data" finished-at="2022-11-10T00:27:45 IST" duration-ms="27258" status="PASS">
          <params>
            <param index="0">
              <value>
                <![CDATA[123333]]>
              </value>
            </param>
            <param index="1">
              <value>
                <![CDATA[123]]>
              </value>
            </param>
          </params>
          <reporter-output>
          </reporter-output>
        </test-method> <!-- testSearch -->
        <test-method signature="testSearch(java.lang.String,java.lang.String)[pri:0, instance:serviceTest.testService@3403e2ac]" started-at="2022-11-10T00:27:45 IST" name="testSearch" data-provider="Data" finished-at="2022-11-10T00:28:12 IST" duration-ms="26791" status="PASS">
          <params>
            <param index="0">
              <value>
                <![CDATA[1212]]>
              </value>
            </param>
            <param index="1">
              <value>
                <![CDATA[221]]>
              </value>
            </param>
          </params>
          <reporter-output>
          </reporter-output>
        </test-method> <!-- testSearch -->
      </class> <!-- serviceTest.testService -->
    </test> <!-- Default test -->
  </suite> <!-- Default suite -->
</testng-results>
